[07/29/2016 1:04:05 AM][                       Login()] Column 'Password' does not belong to table Table.
[07/29/2016 1:05:37 AM][                       Login()] Column 'Password' does not belong to table Table.
[07/30/2016 3:57:17 PM][        SavePostalZoneMaster()] WriteToServer requires an open and available Connection. The connection's current state is closed.
[07/30/2016 3:57:59 PM][        SavePostalZoneMaster()] The given value of type String from the data source cannot be converted to type datetime of the specified target column.
[07/30/2016 3:59:32 PM][               GetTeamMaster()] Object cannot be cast from DBNull to other types.
[07/30/2016 4:00:04 PM][               GetTeamMaster()] String was not recognized as a valid DateTime.
[07/30/2016 4:01:41 PM][               GetTeamMaster()] Object cannot be cast from DBNull to other types.
[07/30/2016 4:02:48 PM][               GetTeamMaster()] Object cannot be cast from DBNull to other types.
[07/30/2016 4:05:29 PM][               GetTeamMaster()] String was not recognized as a valid DateTime.
[07/30/2016 4:07:14 PM][               GetTeamMaster()] String was not recognized as a valid DateTime.
[07/30/2016 4:10:38 PM][        SavePostalZoneMaster()] The given value of type String from the data source cannot be converted to type datetime of the specified target column.
[07/30/2016 4:12:40 PM][       JsonStringToDataTable()] DataSet does not support System.Nullable<>.
[07/30/2016 6:07:20 PM][  UpdateBulkPostalZoneMaster()] Column 'OldDriverId' does not belong to table .
[07/30/2016 10:33:49 PM][  UpdateBulkPostalZoneMaster()] Column 'OldDriverId' does not belong to table .
[07/30/2016 10:40:09 PM][  UpdateBulkPostalZoneMaster()] Column 'OldDriverId' does not belong to table .
[07/30/2016 10:42:41 PM][       JsonStringToDataTable()] A column named ' 	TeamId' already belongs to this DataTable.
[07/30/2016 10:58:07 PM][  UpdateBulkPostalZoneMaster()] The variable name '@sOldDriverId' has already been declared. Variable names must be unique within a query batch or stored procedure.
[07/30/2016 11:17:31 PM][  UpdateBulkPostalZoneMaster()] The variable name '@sOldDriverId' has already been declared. Variable names must be unique within a query batch or stored procedure.
[07/30/2016 11:58:31 PM][       JsonStringToDataTable()] Error Parsing Column Name :  Clarke Quay Area"
[07/30/2016 11:59:01 PM][       JsonStringToDataTable()] Error Parsing Column Name :  Clarke Quay Area"
[07/30/2016 11:59:58 PM][       JsonStringToDataTable()] Error Parsing Column Name :  Clarke Quay Area"
[08/01/2016 10:49:46 AM][  UpdateBulkPostalZoneMaster()] Must declare the scalar variable "@Id".
[08/01/2016 10:50:28 AM][  UpdateBulkPostalZoneMaster()] Must declare the scalar variable "@Id".
[08/01/2016 10:50:38 AM][  UpdateBulkPostalZoneMaster()] Must declare the scalar variable "@Id".
[08/01/2016 10:53:38 AM][  UpdateBulkPostalZoneMaster()] Must declare the scalar variable "@Id".
[08/01/2016 10:54:46 AM][  UpdateBulkPostalZoneMaster()] Must declare the scalar variable "@Id".
[08/01/2016 10:54:46 AM][UpdateIndividualPostalZoneMaster()] The handle is invalid.

[08/01/2016 2:24:42 PM][         Get_DriverListbyDay()] The conversion of a varchar data type to a datetime data type resulted in an out-of-range value.
The conversion of a varchar data type to a datetime data type resulted in an out-of-range value.
[08/01/2016 2:24:43 PM][         SaveDriverListByDay()] The conversion of a varchar data type to a datetime data type resulted in an out-of-range value.
The conversion of a varchar data type to a datetime data type resulted in an out-of-range value.
[08/01/2016 2:25:07 PM][         Get_DriverListbyDay()] The conversion of a varchar data type to a datetime data type resulted in an out-of-range value.
The conversion of a varchar data type to a datetime data type resulted in an out-of-range value.
[08/01/2016 2:25:07 PM][         SaveDriverListByDay()] The conversion of a varchar data type to a datetime data type resulted in an out-of-range value.
The conversion of a varchar data type to a datetime data type resulted in an out-of-range value.
[08/01/2016 2:25:59 PM][         SaveDriverListByDay()] Invalid usage of aggregate function Sum() and Type: String.
[08/01/2016 2:28:14 PM][         SaveDriverListByDay()] Syntax error in aggregate argument: Expecting a single column argument with possible 'Child' qualifier.
[08/01/2016 3:38:25 PM][UpdateIndividualPostalZoneMaster()] Type 'ADV_WebService_V001.DOService+UpdatePostalMaster' is not supported for deserialization of an array.
[08/01/2016 3:40:46 PM][UpdateIndividualPostalZoneMaster()] Type 'ADV_WebService_V001.DOService+UpdatePostalMaster' is not supported for deserialization of an array.
[08/01/2016 5:46:40 PM][UpdateIndividualPostalZoneMaster()] /Date(1470036188000)/ is not a valid value for DateTime.
[08/01/2016 6:27:59 PM][UpdateIndividualPostalZoneMaster()] Invalid JSON primitive: {"Id":"2","TeamId":"02","TeamName":"03-Central","Description":"Suntec Area","DefaultDriverId":"10","DefaultDriverName":"Azaman","DefaultDriverDate":"","CreatedDate":"","IsMaster":"0","NewDriverId":"75"},{"Id":"3","TeamId":"03","TeamName":"04-Central","Description":"Raffles Place Area","DefaultDriverId":"10","DefaultDriverName":"Azaman","DefaultDriverDate":"","CreatedDate":"","IsMaster":"0","NewDriverId":""},{"Id":"4","TeamId":"04","TeamName":"05-Central","Description":"China Town","DefaultDriverId":"10","DefaultDriverName":"Azaman","DefaultDriverDate":"","CreatedDate":"","IsMaster":"0","NewDriverId":""},{"Id":"5","TeamId":"05","TeamName":"06-Central","Description":"Cecil","DefaultDriverId":"10","DefaultDriverName":"Azaman","DefaultDriverDate":"","CreatedDate":"","IsMaster":"0","NewDriverId":""},{"Id":"6","TeamId":"06","TeamName":"07-CBD","Description":"Tanjong Pagar Anson Area (International Building Area)","DefaultDriverId":"10","DefaultDriverName":"Azaman","DefaultDriverDate":"","CreatedDate":"","IsMaster":"0","NewDriverId":""},{"Id":"7","TeamId":"07","TeamName":"08-CBD","Description":"Tanjong Pagar near Neil Road","DefaultDriverId":"10","DefaultDriverName":"Azaman","DefaultDriverDate":"","CreatedDate":"","IsMaster":"0","NewDriverId":""},{"Id":"8","TeamId":"08","TeamName":"09-South","Description":"Harbour Front Area","DefaultDriverId":"10","DefaultDriverName":"Azaman","DefaultDriverDate":"","CreatedDate":"","IsMaster":"0","NewDriverId":""},{"Id":"9","TeamId":"09","TeamName":"10-South","Description":"Telok Blangah Area","DefaultDriverId":"10","DefaultDriverName":"Azaman","DefaultDriverDate":"","CreatedDate":"","IsMaster":"0","NewDriverId":""},{"Id":"10","TeamId":"10","TeamName":"11-South West","Description":"Alexandra Road Near PSA Building","DefaultDriverId":"10","DefaultDriverName":"Azaman","DefaultDriverDate":"","CreatedDate":"","IsMaster":"0","NewDriverId":""},{"Id":"11","TeamId":"11","TeamName":"12-South West","Description":"Pandan Area","DefaultDriverId":"10","DefaultDriverName":"Azaman","DefaultDriverDate":"","CreatedDate":"","IsMaster":"0","NewDriverId":""},{"Id":"12","TeamId":"12","TeamName":"13-South West","Description":"Rochester Area","DefaultDriverId":"10","DefaultDriverName":"Azaman","DefaultDriverDate":"","CreatedDate":"","IsMaster":"0","NewDriverId":""},{"Id":"13","TeamId":"13","TeamName":"14-South Central","Description":"Commonwealth","DefaultDriverId":"10","DefaultDriverName":"Azaman","DefaultDriverDate":"","CreatedDate":"","IsMaster":"0","NewDriverId":""},{"Id":"14","TeamId":"14","TeamName":"15-South Central","Description":"Leng Kee","DefaultDriverId":"10","DefaultDriverName":"Azaman","DefaultDriverDate":"","CreatedDate":"","IsMaster":"0","NewDriverId":""},{"Id":"15","TeamId":"15","TeamName":"16-South Central","Description":"Bukit Merah","DefaultDriverId":"10","DefaultDriverName":"Azaman","DefaultDriverDate":"","CreatedDate":"","IsMaster":"0","NewDriverId":""},{"Id":"16","TeamId":"16","TeamName":"17-CBD","Description":"Hill Street","DefaultDriverId":"10","DefaultDriverName":"Azaman","DefaultDriverDate":"","CreatedDate":"","IsMaster":"0","NewDriverId":""},{"Id":"17","TeamId":"17","TeamName":"18-City","Description":"Rochor","DefaultDriverId":"10","DefaultDriverName":"Azaman","DefaultDriverDate":"","CreatedDate":"","IsMaster":"0","NewDriverId":""},{"Id":"18","TeamId":"18","TeamName":"19-City","Description":"Beach Road area near to Key point","DefaultDriverId":"","DefaultDriverName":null,"DefaultDriverDate":"","CreatedDate":"","IsMaster":"0","NewDriverId":""},{"Id":"19","TeamId":"19","TeamName":"20-Central","Description":"Jalan Besar Area","DefaultDriverId":"","DefaultDriverName":null,"DefaultDriverDate":"","CreatedDate":"","IsMaster":"0","NewDriverId":""},{"Id":"20","TeamId":"20","TeamName":"21-Central","Description":"Racecourse Road Area","DefaultDriverId":"","DefaultDriverName":null,"DefaultDriverDate":"","CreatedDate":"","IsMaster":"0","NewDriverId":""},{"Id":"21","TeamId":"21","TeamName":"22-Central (Orchard)","Description":"Scotts Road","DefaultDriverId":"","DefaultDriverName":null,"DefaultDriverDate":"","CreatedDate":"","IsMaster":"0","NewDriverId":""},{"Id":"22","TeamId":"22","TeamName":"23-Central (Orchard)","Description":"Orchard Road","DefaultDriverId":"","DefaultDriverName":null,"DefaultDriverDate":"","CreatedDate":"","IsMaster":"0","NewDriverId":""},{"Id":"23","TeamId":"23","TeamName":"24-Central (Orchard)","Description":"Tanglin","DefaultDriverId":"","DefaultDriverName":null,"DefaultDriverDate":"","CreatedDate":"","IsMaster":"0","NewDriverId":""},{"Id":"24","TeamId":"24","TeamName":"25-Central (Orchard)","Description":"Stevens Road","DefaultDriverId":"","DefaultDriverName":null,"DefaultDriverDate":"","CreatedDate":"","IsMaster":"0","NewDriverId":""},{"Id":"25","TeamId":"25","TeamName":"28-Central (Orchard)","Description":"Turf Club Road","DefaultDriverId":"","DefaultDriverName":null,"DefaultDriverDate":"","CreatedDate":"","IsMaster":"0","NewDriverId":""},{"Id":"26","TeamId":"26","TeamName":"29-Central (Orchard)","Description":"Dunearn Road","DefaultDriverId":"","DefaultDriverName":null,"DefaultDriverDate":"","CreatedDate":"","IsMaster":"0","NewDriverId":""},{"Id":"27","TeamId":"27","TeamName":"30-Central (Orchard)","Description":"Thomson","DefaultDriverId":"","DefaultDriverName":null,"DefaultDriverDate":"","CreatedDate":"","IsMaster":"0","NewDriverId":""},{"Id":"28","TeamId":"28","TeamName":"31-Central (Orchard)","Description":"Toa Payoh","DefaultDriverId":"","DefaultDriverName":null,"DefaultDriverDate":"","CreatedDate":"","IsMaster":"0","NewDriverId":""},{"Id":"29","TeamId":"29","TeamName":"32-Central (Orchard)","Description":"Balestier","DefaultDriverId":"","DefaultDriverName":null,"DefaultDriverDate":"","CreatedDate":"","IsMaster":"0","NewDriverId":""},{"Id":"30","TeamId":"30","TeamName":"33-Central (Orchard)","Description":"Kallang Bahru","DefaultDriverId":"","DefaultDriverName":null,"DefaultDriverDate":"","CreatedDate":"","IsMaster":"0","NewDriverId":""},{"Id":"31","TeamId":"31","TeamName":"34-Central East","Description":"Kallang Way","DefaultDriverId":"","DefaultDriverName":null,"DefaultDriverDate":"","CreatedDate":"","IsMaster":"0","NewDriverId":""},{"Id":"32","TeamId":"32","TeamName":"36-Central East","Description":"Joo Seng","DefaultDriverId":"","DefaultDriverName":null,"DefaultDriverDate":"","CreatedDate":"","IsMaster":"0","NewDriverId":""},{"Id":"33","TeamId":"33","TeamName":"38-East","Description":"Aljunied Road","DefaultDriverId":"","DefaultDriverName":null,"DefaultDriverDate":"","CreatedDate":"","IsMaster":"0","NewDriverId":""},{"Id":"34","TeamId":"34","TeamName":"39-East","Description":"Mountbatten Road (Near Nicoll Highway)","DefaultDriverId":"","DefaultDriverName":null,"DefaultDriverDate":"","CreatedDate":"","IsMaster":"0","NewDriverId":""},{"Id":"35","TeamId":"35","TeamName":"40-East","Description":"Eunos Ubi","DefaultDriverId":"","DefaultDriverName":null,"DefaultDriverDate":"","CreatedDate":"","IsMaster":"0","NewDriverId":""},{"Id":"36","TeamId":"36","TeamName":"41-East","Description":"Kaki Bukit","DefaultDriverId":"","DefaultDriverName":null,"DefaultDriverDate":"","CreatedDate":"","IsMaster":"0","NewDriverId":""},{"Id":"37","TeamId":"37","TeamName":"43-East","Description":"Mountbatten Road (Near Katong)","DefaultDriverId":"","DefaultDriverName":null,"DefaultDriverDate":"","CreatedDate":"","IsMaster":"0","NewDriverId":""},{"Id":"38","TeamId":"38","TeamName":"44-East","Description":"Marine Parade","DefaultDriverId":"","DefaultDriverName":null,"DefaultDriverDate":"","CreatedDate":"","IsMaster":"0","NewDriverId":""},{"Id":"39","TeamId":"39","TeamName":"45-East","Description":"Upper East Coast Road","DefaultDriverId":"","DefaultDriverName":null,"DefaultDriverDate":"","CreatedDate":"","IsMaster":"0","NewDriverId":""},{"Id":"40","TeamId":"40","TeamName":"46-East","Description":"Chai Chee","DefaultDriverId":"","DefaultDriverName":null,"DefaultDriverDate":"","CreatedDate":"","IsMaster":"0","NewDriverId":""},{"Id":"41","TeamId":"41","TeamName":"48-East","Description":"Changi South","DefaultDriverId":"","DefaultDriverName":null,"DefaultDriverDate":"","CreatedDate":"","IsMaster":"0","NewDriverId":""},{"Id":"42","TeamId":"42","TeamName":"49-East","Description":"Changi North","DefaultDriverId":"","DefaultDriverName":null,"DefaultDriverDate":"","CreatedDate":"","IsMaster":"0","NewDriverId":""},{"Id":"43","TeamId":"43","TeamName":"50-East","Description":"Loyang Way","DefaultDriverId":"","DefaultDriverName":null,"DefaultDriverDate":"","CreatedDate":"","IsMaster":"0","NewDriverId":""},{"Id":"44","TeamId":"44","TeamName":"51-East","Description":"Pasir Ris","DefaultDriverId":"","DefaultDriverName":null,"DefaultDriverDate":"","CreatedDate":"","IsMaster":"0","NewDriverId":""},{"Id":"45","TeamId":"45","TeamName":"52-East","Description":"Tampines","DefaultDriverId":"","DefaultDriverName":null,"DefaultDriverDate":"","CreatedDate":"","IsMaster":"0","NewDriverId":""},{"Id":"46","TeamId":"46","TeamName":"53-East","Description":"Upper Paya Lebar","DefaultDriverId":"","DefaultDriverName":null,"DefaultDriverDate":"","CreatedDate":"","IsMaster":"0","NewDriverId":""},{"Id":"47","TeamId":"47","TeamName":"54-East","Description":"SengKang East","DefaultDriverId":"","DefaultDriverName":null,"DefaultDriverDate":"","CreatedDate":"","IsMaster":"0","NewDriverId":""},{"Id":"48","TeamId":"48","TeamName":"55-East","Description":"Serangoon Lorong Chuan","DefaultDriverId":"","DefaultDriverName":null,"DefaultDriverDate":"","CreatedDate":"","IsMaster":"0","NewDriverId":""},{"Id":"49","TeamId":"49","TeamName":"56-North","Description":"Ang Mo Kio","DefaultDriverId":"","DefaultDriverName":null,"DefaultDriverDate":"","CreatedDate":"","IsMaster":"0","NewDriverId":""},{"Id":"50","TeamId":"50","TeamName":"57-North","Description":"Jalan Pemimpin","DefaultDriverId":"","DefaultDriverName":null,"DefaultDriverDate":"","CreatedDate":"","IsMaster":"0","NewDriverId":""},{"Id":"51","TeamId":"51","TeamName":"58-West","Description":"Upper Bukit Timah","DefaultDriverId":"","DefaultDriverName":null,"DefaultDriverDate":"","CreatedDate":"","IsMaster":"0","NewDriverId":""},{"Id":"52","TeamId":"52","TeamName":"59-West","Description":"Beauty World Area","DefaultDriverId":"","DefaultDriverName":null,"DefaultDriverDate":"","CreatedDate":"","IsMaster":"0","NewDriverId":""},{"Id":"53","TeamId":"53","TeamName":"60-West","Description":"Penjuru","DefaultDriverId":"","DefaultDriverName":null,"DefaultDriverDate":"","CreatedDate":"","IsMaster":"0","NewDriverId":""},{"Id":"54","TeamId":"54","TeamName":"61-West","Description":"Fishery port Road","DefaultDriverId":"","DefaultDriverName":null,"DefaultDriverDate":"","CreatedDate":"","IsMaster":"0","NewDriverId":""},{"Id":"55","TeamId":"55","TeamName":"62-West","Description":"Lok Yang Way","DefaultDriverId":"","DefaultDriverName":null,"DefaultDriverDate":"","CreatedDate":"","IsMaster":"0","NewDriverId":""},{"Id":"56","TeamId":"56","TeamName":"63-West","Description":"Tuas","DefaultDriverId":"","DefaultDriverName":null,"DefaultDriverDate":"","CreatedDate":"","IsMaster":"0","NewDriverId":""},{"Id":"57","TeamId":"57","TeamName":"64-West","Description":"Jurong West","DefaultDriverId":"","DefaultDriverName":null,"DefaultDriverDate":"","CreatedDate":"","IsMaster":"0","NewDriverId":""},{"Id":"58","TeamId":"58","TeamName":"65-West","Description":"Bukit Batok","DefaultDriverId":"","DefaultDriverName":null,"DefaultDriverDate":"","CreatedDate":"","IsMaster":"0","NewDriverId":""},{"Id":"59","TeamId":"59","TeamName":"67-West","Description":"Bukit Panjang","DefaultDriverId":"","DefaultDriverName":null,"DefaultDriverDate":"","CreatedDate":"","IsMaster":"0","NewDriverId":""},{"Id":"60","TeamId":"60","TeamName":"72-North","Description":"Sungei Kadut","DefaultDriverId":"","DefaultDriverName":null,"DefaultDriverDate":"","CreatedDate":"","IsMaster":"0","NewDriverId":""},{"Id":"61","TeamId":"61","TeamName":"73-North","Description":"Woodlands","DefaultDriverId":"","DefaultDriverName":null,"DefaultDriverDate":"","CreatedDate":"","IsMaster":"0","NewDriverId":""},{"Id":"62","TeamId":"62","TeamName":"75-North","Description":"Sembawang","DefaultDriverId":"","DefaultDriverName":null,"DefaultDriverDate":"","CreatedDate":"","IsMaster":"0","NewDriverId":""},{"Id":"63","TeamId":"63","TeamName":"76-North","Description":"Yishun","DefaultDriverId":"","DefaultDriverName":null,"DefaultDriverDate":"","CreatedDate":"","IsMaster":"0","NewDriverId":""},{"Id":"64","TeamId":"64","TeamName":"78-North","Description":"Tagore Lane","DefaultDriverId":"","DefaultDriverName":null,"DefaultDriverDate":"","CreatedDate":"","IsMaster":"0","NewDriverId":""},{"Id":"65","TeamId":"65","TeamName":"81-East","Description":"Changi Airport Area","DefaultDriverId":"","DefaultDriverName":null,"DefaultDriverDate":"","CreatedDate":"","IsMaster":"0","NewDriverId":""},{"Id":"66","TeamId":"66","TeamName":"02-Central","Description":"Cecil Street","DefaultDriverId":"","DefaultDriverName":null,"DefaultDriverDate":"","CreatedDate":"","IsMaster":"0","NewDriverId":""},{"Id":"67","TeamId":"67","TeamName":"26-West","Description":"Bukit Timah","DefaultDriverId":"","DefaultDriverName":null,"DefaultDriverDate":"","CreatedDate":"","IsMaster":"0","NewDriverId":""},{"Id":"68","TeamId":"68","TeamName":"27-Central (Orchard)","Description":"Tanglin","DefaultDriverId":"","DefaultDriverName":null,"DefaultDriverDate":"","CreatedDate":"","IsMaster":"0","NewDriverId":""},{"Id":"69","TeamId":"69","TeamName":"35-Central East","Description":"Macpherson","DefaultDriverId":"","DefaultDriverName":null,"DefaultDriverDate":"","CreatedDate":"","IsMaster":"0","NewDriverId":""},{"Id":"70","TeamId":"70","TeamName":"37-Central East","Description":"Macpherson","DefaultDriverId":"","DefaultDriverName":null,"DefaultDriverDate":"","CreatedDate":"","IsMaster":"0","NewDriverId":""},{"Id":"71","TeamId":"71","TeamName":"42-East","Description":"Katong","DefaultDriverId":"","DefaultDriverName":null,"DefaultDriverDate":"","CreatedDate":"","IsMaster":"0","NewDriverId":""},{"Id":"72","TeamId":"72","TeamName":"47-East","Description":"Bedok","DefaultDriverId":"","DefaultDriverName":null,"DefaultDriverDate":"","CreatedDate":"","IsMaster":"0","NewDriverId":""},{"Id":"73","TeamId":"73","TeamName":"68-West","Description":"Bukit Panjang","DefaultDriverId":"","DefaultDriverName":null,"DefaultDriverDate":"","CreatedDate":"","IsMaster":"0","NewDriverId":""},{"Id":"74","TeamId":"74","TeamName":"69-West","Description":"Lim Chu Kang/Tengah","DefaultDriverId":"","DefaultDriverName":null,"DefaultDriverDate":"","CreatedDate":"","IsMaster":"0","NewDriverId":""},{"Id":"75","TeamId":"75","TeamName":"70-West","Description":"Lim Chu Kang/Tengah","DefaultDriverId":"","DefaultDriverName":null,"DefaultDriverDate":"","CreatedDate":"","IsMaster":"0","NewDriverId":""},{"Id":"76","TeamId":"76","TeamName":"71-West","Description":"Lim Chu Kang/Tengah","DefaultDriverId":"","DefaultDriverName":null,"DefaultDriverDate":"","CreatedDate":"","IsMaster":"0","NewDriverId":""},{"Id":"77","TeamId":"77","TeamName":"74-North","Description":"TBA","DefaultDriverId":"","DefaultDriverName":null,"DefaultDriverDate":"","CreatedDate":"","IsMaster":"0","NewDriverId":""},{"Id":"78","TeamId":"78","TeamName":"77-North","Description":"Mandai Road","DefaultDriverId":"","DefaultDriverName":null,"DefaultDriverDate":"","CreatedDate":"","IsMaster":"0","NewDriverId":""},{"Id":"79","TeamId":"79","TeamName":"79-North","Description":"Seletar","DefaultDriverId":"","DefaultDriverName":null,"DefaultDriverDate":"","CreatedDate":"","IsMaster":"0","NewDriverId":""},{"Id":"80","TeamId":"80","TeamName":"80-North","Description":"Seletar","DefaultDriverId":"","DefaultDriverName":null,"DefaultDriverDate":"","CreatedDate":"","IsMaster":"0","NewDriverId":""},{"Id":"81","TeamId":"81","TeamName":"82-North East","Description":"Punggol","DefaultDriverId":"","DefaultDriverName":null,"DefaultDriverDate":"","CreatedDate":"","IsMaster":"0","NewDriverId":""},{"Id":"82","TeamId":"82","TeamName":"66-West","Description":"Choa Chu Kang","DefaultDriverId":"","DefaultDriverName":null,"DefaultDriverDate":"","CreatedDate":"","IsMaster":"0","NewDriverId":""},{"Id":"83","TeamId":"91","TeamName":"91-East","Description":"Changi Airport","DefaultDriverId":"","DefaultDriverName":null,"DefaultDriverDate":"","CreatedDate":"","IsMaster":"0","NewDriverId":""}.
[08/09/2016 2:22:54 PM][            ReplaceDODrivers()] Conversion failed when converting the nvarchar value '1516058278,1516058188,1516058153' to data type int.
[08/09/2016 2:27:13 PM][            ReplaceDODrivers()] The ConnectionString property has not been initialized.
[08/09/2016 2:31:33 PM][            ReplaceDODrivers()] Conversion failed when converting the nvarchar value ''1516058278','1516058188','1516058153'' to data type int.
[08/09/2016 2:32:23 PM][            ReplaceDODrivers()] Conversion failed when converting the nvarchar value '1516058278,1516058188,1516058153' to data type int.
[08/09/2016 6:53:15 PM][                DOA_DOSearch()] Error during serialization or deserialization using the JSON JavaScriptSerializer. The length of the string exceeds the value set on the maxJsonLength property.
[08/09/2016 6:56:21 PM][                DOA_DOSearch()] Error during serialization or deserialization using the JSON JavaScriptSerializer. The length of the string exceeds the value set on the maxJsonLength property.
[08/09/2016 6:57:00 PM][                DOA_DOSearch()] Error during serialization or deserialization using the JSON JavaScriptSerializer. The length of the string exceeds the value set on the maxJsonLength property.
[08/09/2016 7:02:22 PM][                DOA_DOSearch()] Error during serialization or deserialization using the JSON JavaScriptSerializer. The length of the string exceeds the value set on the maxJsonLength property.
[08/09/2016 7:33:32 PM][                DOA_DOSearch()] Error during serialization or deserialization using the JSON JavaScriptSerializer. The length of the string exceeds the value set on the maxJsonLength property.
[08/09/2016 7:45:18 PM][                DOA_DOSearch()] Column 'ItemCode' does not belong to table Table.
[08/09/2016 7:47:31 PM][                DOA_DOSearch()] Column 'ItemCode' does not belong to table Table.
[08/09/2016 7:49:39 PM][                DOA_DOSearch()] Type 'ADV_WebService_V001.DOService+Json_DOSearch' is not supported for deserialization of an array.
[08/09/2016 7:52:33 PM][                DOA_DOSearch()] Column 'ItemCode' does not belong to table Table.
[08/09/2016 7:54:32 PM][                DOA_DOSearch()] Column 'ItemCode' does not belong to table Table.
[08/10/2016 4:52:45 PM][                    UpdateDO()] Invalid column name 'ItemCode'.
[08/10/2016 4:53:42 PM][                    UpdateDO()] Invalid column name 'ItemCode'.
[08/10/2016 4:59:07 PM][                    UpdateDO()] Invalid column name 'DocNum'.
[08/10/2016 5:49:31 PM][      ConnectToTargetCompany()] Company version mismatch
[08/10/2016 5:49:31 PM][      ConnectToTargetCompany()] Company version mismatch
[08/10/2016 5:50:55 PM][      ConnectToTargetCompany()] Company version mismatch
[08/10/2016 5:50:55 PM][      ConnectToTargetCompany()] Company version mismatch
[08/10/2016 5:50:55 PM][                DOA_UpdateDO()] Company version mismatch
[08/10/2016 5:54:42 PM][      ConnectToTargetCompany()] Company version mismatch
[08/10/2016 5:54:42 PM][      ConnectToTargetCompany()] Company version mismatch
[08/10/2016 6:01:43 PM][                DOA_UpdateDO()] Company version mismatch
[08/10/2016 8:01:40 PM][      ConnectToTargetCompany()] Index 0 is either negative or above rows count.
[08/10/2016 8:01:40 PM][                DOA_UpdateDO()] Index 0 is either negative or above rows count.
[08/10/2016 8:04:37 PM][                DOA_UpdateDO()] 1). [Microsoft][SQL Server Native Client 11.0][SQL Server]The multi-part identifier "a.DocDueDate" could not be bound.
2). [Microsoft][SQL Server Native Client 11.0][SQL Server]Statement(s) could not be prepared.

[08/10/2016 8:07:49 PM][                DOA_UpdateDO()] String was not recognized as a valid DateTime.
[08/10/2016 8:09:53 PM][                DOA_UpdateDO()] 1320000257 - You are not assigned to selected branch 'OEC Computers SG'
[08/10/2016 8:11:13 PM][                DOA_UpdateDO()] 1320000257 - You are not assigned to selected branch 'OEC Computers SG'
[08/16/2016 1:58:50 PM][                DOA_UpdateDO()] Object reference not set to an instance of an object.
[08/16/2016 1:59:59 PM][                DOA_UpdateDO()] Object reference not set to an instance of an object.
[08/16/2016 2:04:41 PM][                DOA_UpdateDO()] Object reference not set to an instance of an object.
[08/16/2016 2:19:27 PM][                DOA_UpdateDO()] Object reference not set to an instance of an object.
[08/16/2016 3:25:25 PM][                DOA_DOSearch()] Column 'Email' does not belong to table Table.
[08/16/2016 3:26:16 PM][                DOA_DOSearch()] Column 'Email' does not belong to table Table.
[08/17/2016 1:09:06 PM][                 DOA_CreatePDF] Could not find a part of the path 'E:\VIVEK\ADV\ADV_WebService_V001\ADV_WebService_V001\TEMP\PDF\DO\1516057776_17082016010807814.pdf'.
[08/19/2016 5:35:02 PM][                    DOSearch()] Procedure or function 'VS_SP009_Web_DOSearch' expects parameter '@Status', which was not supplied.
[08/19/2016 5:35:02 PM][                DOA_DOSearch()] Procedure or function 'VS_SP009_Web_DOSearch' expects parameter '@Status', which was not supplied.
[08/19/2016 5:36:54 PM][      ConnectToTargetCompany()] Company version mismatch
[08/19/2016 5:36:54 PM][      ConnectToTargetCompany()] Company version mismatch
[08/19/2016 5:36:54 PM][                DOA_UpdateDO()] Company version mismatch
[08/19/2016 5:37:20 PM][      ConnectToTargetCompany()] Company version mismatch
[08/19/2016 5:37:20 PM][      ConnectToTargetCompany()] Company version mismatch
[08/19/2016 5:37:20 PM][                DOA_UpdateDO()] Company version mismatch
[08/20/2016 2:57:55 PM][      ConnectToTargetCompany()] Company version mismatch
[08/20/2016 2:57:55 PM][      ConnectToTargetCompany()] Company version mismatch
[08/20/2016 3:00:05 PM][             Get_CompanyList()] Could not find stored procedure 'VS_SP001_Web_GetCompanyList'.
[08/20/2016 3:00:05 PM][      ConnectToTargetCompany()] Could not find stored procedure 'VS_SP001_Web_GetCompanyList'.
[08/20/2016 3:03:31 PM][             Get_CompanyList()] Could not find stored procedure 'VS_SP001_Web_GetCompanyList'.
[08/20/2016 3:03:31 PM][      ConnectToTargetCompany()] Could not find stored procedure 'VS_SP001_Web_GetCompanyList'.
[08/20/2016 3:06:14 PM][      ConnectToTargetCompany()] Company version mismatch
[08/20/2016 3:06:14 PM][      ConnectToTargetCompany()] Company version mismatch
[20/08/16 4:42:35 PM][      ConnectToTargetCompany()] Index 0 is either negative or above rows count.
[20/08/16 4:42:35 PM][                DOA_UpdateDO()] Index 0 is either negative or above rows count.
[20/08/16 4:44:36 PM][                DOA_UpdateDO()] Object reference not set to an instance of an object.
[20/08/16 4:48:41 PM][                DOA_UpdateDO()] The best overloaded method match for 'ADV_WebService_V001.clsDataAccess.CreateDOReturn(string, int, SAPbobsCOM.Company, ref string)' has some invalid arguments
[20/08/16 4:50:12 PM][                DOA_UpdateDO()] The best overloaded method match for 'ADV_WebService_V001.clsDataAccess.CreateDOReturn(string, int, SAPbobsCOM.Company, ref string)' has some invalid arguments
[20/08/16 4:51:29 PM][                DOA_UpdateDO()] The best overloaded method match for 'ADV_WebService_V001.clsDataAccess.CreateDOReturn(string, int, SAPbobsCOM.Company, ref string)' has some invalid arguments
[20/08/16 10:44:35 PM][         CreateDeliveryOrder()] 10000100 - Document total value must be zero or greater than zero
[20/08/16 10:45:34 PM][         CreateDeliveryOrder()] 10000100 - Document total value must be zero or greater than zero
[20/08/16 10:50:43 PM][         CreateDeliveryOrder()] 10000100 - Document total value must be zero or greater than zero
[08/22/2016 12:46:45 PM][      CreateDefaultMailMessage] The parameter 'addresses' cannot be an empty string.
Parameter name: addresses
[08/22/2016 12:47:38 PM][      CreateDefaultMailMessage] The parameter 'addresses' cannot be an empty string.
Parameter name: addresses
[08/22/2016 12:47:38 PM][                     SendEmail] Value cannot be null.
Parameter name: message
[08/22/2016 12:47:38 PM][                     SendEmail] Failed sending email to :  thomas550i@gmail.com
[08/22/2016 12:48:47 PM][                     SendEmail] The SMTP server requires a secure connection or the client was not authenticated. The server response was: 5.7.0 Must issue a STARTTLS command first. p75sm23433327pfa.71 - gsmtp
[08/22/2016 12:48:47 PM][                     SendEmail] Failed sending email to :  thomas550i@gmail.com
[08/22/2016 12:52:27 PM][      CreateDefaultMailMessage] The parameter 'addresses' cannot be an empty string.
Parameter name: addresses
[08/22/2016 12:52:27 PM][                     SendEmail] Value cannot be null.
Parameter name: message
[08/22/2016 12:52:27 PM][                     SendEmail] Failed sending email to :  thomas550i@gmail.com
[08/22/2016 6:55:07 PM][             Get_CompanyList()] A network-related or instance-specific error occurred while establishing a connection to SQL Server. The server was not found or was not accessible. Verify that the instance name is correct and that SQL Server is configured to allow remote connections. (provider: Named Pipes Provider, error: 40 - Could not open a connection to SQL Server)
[08/22/2016 6:55:25 PM][                DOA_UpdateDO()] A network-related or instance-specific error occurred while establishing a connection to SQL Server. The server was not found or was not accessible. Verify that the instance name is correct and that SQL Server is configured to allow remote connections. (provider: Named Pipes Provider, error: 40 - Could not open a connection to SQL Server)
[08/22/2016 6:56:24 PM][             Get_CompanyList()] Login failed for user 'sa'.
[08/22/2016 6:56:33 PM][                DOA_UpdateDO()] Login failed for user 'sa'.
[08/22/2016 6:58:18 PM][                     SendEmail] Object reference not set to an instance of an object.
[08/22/2016 6:58:18 PM][                     SendEmail] Failed sending email to :  
[08/22/2016 6:58:18 PM][                DOA_UpdateDO()] Object reference not set to an instance of an object.
[08/22/2016 7:01:12 PM][                     SendEmail] Object reference not set to an instance of an object.
[08/22/2016 7:01:12 PM][                     SendEmail] Failed sending email to :  
[08/22/2016 7:01:12 PM][                DOA_UpdateDO()] Object reference not set to an instance of an object.
[08/22/2016 7:03:54 PM][                DOA_UpdateDO()] Object reference not set to an instance of an object.
[09/17/2016 4:21:36 PM][                     SendEmail] Mailbox unavailable. The server response was: Error458 block
[09/17/2016 4:21:36 PM][                     SendEmail] Failed sending email to :  vivekrm60@gmail.com
[09/17/2016 7:06:46 PM][                DOA_DOSearch()] Column 'LineRemarks' does not belong to table Table.
[09/17/2016 7:08:08 PM][                DOA_DOSearch()] Column 'LineRemarks' does not belong to table Table.
[10/20/2016 3:41:10 PM][      ConnectToTargetCompany()] Unable to access SBO-Common database
[10/20/2016 3:41:10 PM][      ConnectToTargetCompany()] Unable to access SBO-Common database
[10/20/2016 3:41:53 PM][                DOA_UpdateDO()] Unable to access SBO-Common database
[11/07/2016 5:12:18 PM][          SearchOtherDOandCN()] Procedure or function 'VS_SP012_Web_SearchOtherDOandCN' expects parameter '@DocNum', which was not supplied.
[11/07/2016 5:13:28 PM][          SearchOtherDOandCN()] Procedure or function 'VS_SP012_Web_SearchOtherDOandCN' expects parameter '@DocNum', which was not supplied.
[11/07/2016 5:13:28 PM][      DOA_SearchOtherDOandCN()] Procedure or function 'VS_SP012_Web_SearchOtherDOandCN' expects parameter '@DocNum', which was not supplied.
[11/07/2016 5:16:00 PM][          SearchOtherDOandCN()] Procedure or function 'VS_SP012_Web_SearchOtherDOandCN' expects parameter '@DocNum', which was not supplied.
[11/07/2016 5:16:00 PM][      DOA_SearchOtherDOandCN()] Procedure or function 'VS_SP012_Web_SearchOtherDOandCN' expects parameter '@DocNum', which was not supplied.
[11/07/2016 5:17:49 PM][      DOA_SearchOtherDOandCN()] Column 'DONumber' does not belong to table Table.
[11/07/2016 5:19:53 PM][      DOA_SearchOtherDOandCN()] Column 'DONumber' does not belong to table Table.
